<?xml version="1.0" encoding="UTF-8"?>
<!-- Generated by org.testng.reporters.JUnitReportReporter -->
<testsuite hostname="Joshuas-MacBook-Pro.local" name="com.tas.androiddemo.TestNG_2" tests="1" failures="0" timestamp="15 Nov 2018 18:37:02 GMT" time="0.001" errors="0">
  <testcase name="f" time="0.001" classname="com.tas.androiddemo.TestNG_2"/>
</testsuite> <!-- com.tas.androiddemo.TestNG_2 -->
